<?xml version="1.0"?>
<?xml-stylesheet type="text/xsl" media="screen" href="./uijs.xsl.xml"?>
<Test>
	<title>Path Parsing</title>
	<Case>
	<![CDATA[
		const {pathData, parsePath, composePaths} = await import(`${path.js}/ui/paths.js`);
		test(({expect})=>{
			expect()
				.as("Parsing the  key symbol")
				.same(parsePath("@"), ["@"]);
			expect()
				.as("Parsing an absolute path")
				.same(parsePath("a.b.c"), ["a", "b", "c"]);
			expect()
				.as("Parsing composed paths")
				.same(composePaths(parsePath("a.b.c"), parsePath("@")), ["a", "b", "c"]);
			expect()
				.as("Parsing composed paths")
				.same(pathData(["@"], {a:0, b:1, c:2}, 0, ["test", "example"]));
		});
	]]>
	</Case>
</Test>
